{"name": "test_guest_can_add_product_to_basket[7]", "status": "skipped", "statusDetails": {"message": "XFAIL\n\nAssertionError: Message with product in basket is not presented", "trace": "self = <module_5.test_product_page.TestProductPage object at 0x0000029CE995BC10>, browser = <selenium.webdriver.chrome.webdriver.WebDriver (session=\"13d02d2ac70c04d951a5bb1d08b617ec\")>, promo_offer = '7'\n\n    @pytest.mark.parametrize('promo_offer',\n                             [\"0\", \"1\", \"2\", \"3\", \"4\", \"5\", \"6\", pytest.param(\"7\", marks=pytest.mark.xfail), \"8\", \"9\"])\n    def test_guest_can_add_product_to_basket(self, browser, promo_offer):\n        link = f\"http://selenium1py.pythonanywhere.com/catalogue/coders-at-work_207/?promo=offer{promo_offer}\"\n        page = ProductPage(browser,\n                           link)  # инициализируем Page Object, передаем в конструктор экземпляр драйвера и url адрес\n        page.open()  # открываем страницу\n        page.should_be_button_add_to_basket()  # проверяем что есть кнопка добавления в корзину\n        page.add_product_to_basket()  # жмем кнопку добавить в корзину\n        page.solve_quiz_and_get_code()  # обработка alert\n        page.should_be_product_price()  # проверяем что есть сообщение с нужным текстом\n>       page.should_be_product_in_basket()  # проверяем что есть сообщение с нужным текстом\n\nmodule_5\\test_product_page.py:19: \n_ _ _ _ _ _ _ _ _ _ _ _ _ _ _ _ _ _ _ _ _ _ _ _ _ _ _ _ _ _ _ _ _ _ _ _ _ _ _ _ _ _ _ _ _ _ _ _ _ _ _ _ _ _ _ _ _ _ _ _ _ _ _ _ _ _ _ _ _ _ _ _ _ _ _ _ _ _ _ _ _ _ _ _ _ _ _ _ _ _ _ _ _ _ _ _ _ _ _ _ _ _ _ _ _ _ _ _ _ _ _ _ _ _ _ _ _ \n\nself = <module_5.pages.product_page.ProductPage object at 0x0000029CE9144A90>\n\n    def should_be_product_in_basket(self):\n>       assert self.browser.find_element(*ProductPageLocators.PRODUCT_NAME).text == self.browser.find_element(\n            *ProductPageLocators.PRODUCT_IN_BASKET).text, \"Message with product in basket is not presented\"\nE       AssertionError: Message with product in basket is not presented\n\nmodule_5\\pages\\product_page.py:24: AssertionError"}, "attachments": [{"name": "stdout", "source": "0d074415-586b-4ce9-b67e-5ce04e6b373c-attachment.txt", "type": "text/plain"}], "parameters": [{"name": "promo_offer", "value": "'7'"}], "start": 1625906845489, "stop": 1625906848254, "uuid": "4275450c-7e7a-4e9a-a103-b955eb46631b", "historyId": "8d0733f3d89071302d825909e84550d6", "testCaseId": "0dfdfd1797a0034073e745572a047fc5", "fullName": "module_5.test_product_page.TestProductPage#test_guest_can_add_product_to_basket", "labels": [{"name": "tag", "value": "@pytest.mark.xfail"}, {"name": "parentSuite", "value": "module_5"}, {"name": "suite", "value": "test_product_page"}, {"name": "subSuite", "value": "TestProductPage"}, {"name": "host", "value": "DESKTOP-1GJHT4O"}, {"name": "thread", "value": "9000-MainThread"}, {"name": "framework", "value": "pytest"}, {"name": "language", "value": "cpython3"}, {"name": "package", "value": "module_5.test_product_page"}]}