{
  "uid" : "1eb6227574cbd30",
  "name" : "test_message_disappeared_after_adding_product_to_basket",
  "fullName" : "module_5.test_product_page.TestProductPage#test_message_disappeared_after_adding_product_to_basket",
  "historyId" : "b1c3189d6400963e937a7a94e38cea78",
  "time" : {
    "start" : 1625906890279,
    "stop" : 1625906897070,
    "duration" : 6791
  },
  "status" : "skipped",
  "statusMessage" : "XFAIL element is not disappeared\n\nAssertionError: Success message is presented, element is not disappeared",
  "statusTrace" : "self = <module_5.test_product_page.TestProductPage object at 0x0000029CE914F880>, browser = <selenium.webdriver.chrome.webdriver.WebDriver (session=\"a1854ccd59e407b766010c9e0d82ebd5\")>\n\n    @pytest.mark.xfail(reason=\"element is not disappeared\")\n    def test_message_disappeared_after_adding_product_to_basket(self, browser):\n        link = \"http://selenium1py.pythonanywhere.com/catalogue/coders-at-work_207/\"\n        page = ProductPage(browser,\n                           link)  # инициализируем Page Object, передаем в конструктор экземпляр драйвера и url адрес\n        page.open()  # открываем страницу\n        page.add_product_to_basket()  # жмем кнопку добавить в корзину\n>       page.should_be_disappear_element()  # проверяем что нет сообщения об успехе\n\nmodule_5\\test_product_page.py:44: \n_ _ _ _ _ _ _ _ _ _ _ _ _ _ _ _ _ _ _ _ _ _ _ _ _ _ _ _ _ _ _ _ _ _ _ _ _ _ _ _ _ _ _ _ _ _ _ _ _ _ _ _ _ _ _ _ _ _ _ _ _ _ _ _ _ _ _ _ _ _ _ _ _ _ _ _ _ _ _ _ _ _ _ _ _ _ _ _ _ _ _ _ _ _ _ _ _ _ _ _ _ _ _ _ _ _ _ _ _ _ _ _ _ _ _ _ _ \n\nself = <module_5.pages.product_page.ProductPage object at 0x0000029CE9998BE0>\n\n    def should_be_disappear_element(self):\n>       assert self.is_disappeared(\n            *ProductPageLocators.PRODUCT_IN_BASKET), \"Success message is presented, element is not disappeared\"\nE       AssertionError: Success message is presented, element is not disappeared\n\nmodule_5\\pages\\product_page.py:32: AssertionError",
  "flaky" : false,
  "newFailed" : false,
  "beforeStages" : [ {
    "name" : "browser",
    "time" : {
      "start" : 1625906889020,
      "stop" : 1625906890278,
      "duration" : 1258
    },
    "status" : "passed",
    "steps" : [ ],
    "attachments" : [ ],
    "parameters" : [ ],
    "stepsCount" : 0,
    "hasContent" : false,
    "shouldDisplayMessage" : false,
    "attachmentsCount" : 0
  } ],
  "testStage" : {
    "status" : "skipped",
    "statusMessage" : "XFAIL element is not disappeared\n\nAssertionError: Success message is presented, element is not disappeared",
    "statusTrace" : "self = <module_5.test_product_page.TestProductPage object at 0x0000029CE914F880>, browser = <selenium.webdriver.chrome.webdriver.WebDriver (session=\"a1854ccd59e407b766010c9e0d82ebd5\")>\n\n    @pytest.mark.xfail(reason=\"element is not disappeared\")\n    def test_message_disappeared_after_adding_product_to_basket(self, browser):\n        link = \"http://selenium1py.pythonanywhere.com/catalogue/coders-at-work_207/\"\n        page = ProductPage(browser,\n                           link)  # инициализируем Page Object, передаем в конструктор экземпляр драйвера и url адрес\n        page.open()  # открываем страницу\n        page.add_product_to_basket()  # жмем кнопку добавить в корзину\n>       page.should_be_disappear_element()  # проверяем что нет сообщения об успехе\n\nmodule_5\\test_product_page.py:44: \n_ _ _ _ _ _ _ _ _ _ _ _ _ _ _ _ _ _ _ _ _ _ _ _ _ _ _ _ _ _ _ _ _ _ _ _ _ _ _ _ _ _ _ _ _ _ _ _ _ _ _ _ _ _ _ _ _ _ _ _ _ _ _ _ _ _ _ _ _ _ _ _ _ _ _ _ _ _ _ _ _ _ _ _ _ _ _ _ _ _ _ _ _ _ _ _ _ _ _ _ _ _ _ _ _ _ _ _ _ _ _ _ _ _ _ _ _ \n\nself = <module_5.pages.product_page.ProductPage object at 0x0000029CE9998BE0>\n\n    def should_be_disappear_element(self):\n>       assert self.is_disappeared(\n            *ProductPageLocators.PRODUCT_IN_BASKET), \"Success message is presented, element is not disappeared\"\nE       AssertionError: Success message is presented, element is not disappeared\n\nmodule_5\\pages\\product_page.py:32: AssertionError",
    "steps" : [ ],
    "attachments" : [ {
      "uid" : "f73965b03f17da0b",
      "name" : "stdout",
      "source" : "f73965b03f17da0b.txt",
      "type" : "text/plain",
      "size" : 74
    } ],
    "parameters" : [ ],
    "stepsCount" : 0,
    "hasContent" : true,
    "shouldDisplayMessage" : true,
    "attachmentsCount" : 1
  },
  "afterStages" : [ {
    "name" : "browser::0",
    "time" : {
      "start" : 1625906897084,
      "stop" : 1625906899426,
      "duration" : 2342
    },
    "status" : "passed",
    "steps" : [ ],
    "attachments" : [ ],
    "parameters" : [ ],
    "stepsCount" : 0,
    "hasContent" : false,
    "shouldDisplayMessage" : false,
    "attachmentsCount" : 0
  } ],
  "labels" : [ {
    "name" : "tag",
    "value" : "@pytest.mark.xfail(reason='element is not disappeared')"
  }, {
    "name" : "parentSuite",
    "value" : "module_5"
  }, {
    "name" : "suite",
    "value" : "test_product_page"
  }, {
    "name" : "subSuite",
    "value" : "TestProductPage"
  }, {
    "name" : "host",
    "value" : "DESKTOP-1GJHT4O"
  }, {
    "name" : "thread",
    "value" : "9000-MainThread"
  }, {
    "name" : "framework",
    "value" : "pytest"
  }, {
    "name" : "language",
    "value" : "cpython3"
  }, {
    "name" : "package",
    "value" : "module_5.test_product_page"
  }, {
    "name" : "resultFormat",
    "value" : "allure2"
  } ],
  "parameters" : [ ],
  "links" : [ ],
  "hidden" : false,
  "retry" : false,
  "extra" : {
    "severity" : "normal",
    "retries" : [ ],
    "categories" : [ ],
    "tags" : [ "@pytest.mark.xfail(reason='element is not disappeared')" ]
  },
  "source" : "1eb6227574cbd30.json",
  "parameterValues" : [ ]
}