{
  "uid" : "922767a7981479d8",
  "name" : "test_message_disappeared_after_adding_product_to_basket",
  "fullName" : "module_5.test_product_page.TestProductPage#test_message_disappeared_after_adding_product_to_basket",
  "historyId" : "b1c3189d6400963e937a7a94e38cea78",
  "time" : {
    "start" : 1625400018513,
    "stop" : 1625400025112,
    "duration" : 6599
  },
  "status" : "skipped",
  "statusMessage" : "XFAIL element is not disappeared\n\nAssertionError: Success message is presented, element is not disappeared",
  "statusTrace" : "self = <module_5.test_product_page.TestProductPage object at 0x00000267A96DEF40>, browser = <selenium.webdriver.chrome.webdriver.WebDriver (session=\"e6f0e8ca31204e74fbef74d45e8b2d96\")>\n\n    @pytest.mark.xfail(reason=\"element is not disappeared\")\n    def test_message_disappeared_after_adding_product_to_basket(self, browser):\n        link = \"http://selenium1py.pythonanywhere.com/catalogue/coders-at-work_207/\"\n        page = ProductPage(browser,\n                           link)  # инициализируем Page Object, передаем в конструктор экземпляр драйвера и url адрес\n        page.open()  # открываем страницу\n        page.add_product_to_basket()  # жмем кнопку добавить в корзину\n>       page.should_be_disappear_element()  # проверяем что нет сообщения об успехе\n\nmodule_5\\test_product_page.py:45: \n_ _ _ _ _ _ _ _ _ _ _ _ _ _ _ _ _ _ _ _ _ _ _ _ _ _ _ _ _ _ _ _ _ _ _ _ _ _ _ _ _ _ _ _ _ _ _ _ _ _ _ _ _ _ _ _ _ _ _ _ _ _ _ _ _ _ _ _ _ _ _ _ _ _ _ _ _ _ _ _ _ _ _ _ _ _ _ _ _ _ _ _ _ _ _ _ _ _ _ _ _ _ _ _ _ _ _ _ _ _ _ _ _ _ _ _ _ \n\nself = <module_5.pages.product_page.ProductPage object at 0x00000267A9F73640>\n\n    def should_be_disappear_element(self):\n>       assert self.is_disappeared(\n            *ProductPageLocators.PRODUCT_IN_BASKET), \"Success message is presented, element is not disappeared\"\nE       AssertionError: Success message is presented, element is not disappeared\n\nmodule_5\\pages\\product_page.py:32: AssertionError",
  "flaky" : false,
  "newFailed" : false,
  "beforeStages" : [ {
    "name" : "browser",
    "time" : {
      "start" : 1625400017131,
      "stop" : 1625400018512,
      "duration" : 1381
    },
    "status" : "passed",
    "steps" : [ ],
    "attachments" : [ ],
    "parameters" : [ ],
    "shouldDisplayMessage" : false,
    "attachmentsCount" : 0,
    "hasContent" : false,
    "stepsCount" : 0
  } ],
  "testStage" : {
    "status" : "skipped",
    "statusMessage" : "XFAIL element is not disappeared\n\nAssertionError: Success message is presented, element is not disappeared",
    "statusTrace" : "self = <module_5.test_product_page.TestProductPage object at 0x00000267A96DEF40>, browser = <selenium.webdriver.chrome.webdriver.WebDriver (session=\"e6f0e8ca31204e74fbef74d45e8b2d96\")>\n\n    @pytest.mark.xfail(reason=\"element is not disappeared\")\n    def test_message_disappeared_after_adding_product_to_basket(self, browser):\n        link = \"http://selenium1py.pythonanywhere.com/catalogue/coders-at-work_207/\"\n        page = ProductPage(browser,\n                           link)  # инициализируем Page Object, передаем в конструктор экземпляр драйвера и url адрес\n        page.open()  # открываем страницу\n        page.add_product_to_basket()  # жмем кнопку добавить в корзину\n>       page.should_be_disappear_element()  # проверяем что нет сообщения об успехе\n\nmodule_5\\test_product_page.py:45: \n_ _ _ _ _ _ _ _ _ _ _ _ _ _ _ _ _ _ _ _ _ _ _ _ _ _ _ _ _ _ _ _ _ _ _ _ _ _ _ _ _ _ _ _ _ _ _ _ _ _ _ _ _ _ _ _ _ _ _ _ _ _ _ _ _ _ _ _ _ _ _ _ _ _ _ _ _ _ _ _ _ _ _ _ _ _ _ _ _ _ _ _ _ _ _ _ _ _ _ _ _ _ _ _ _ _ _ _ _ _ _ _ _ _ _ _ _ \n\nself = <module_5.pages.product_page.ProductPage object at 0x00000267A9F73640>\n\n    def should_be_disappear_element(self):\n>       assert self.is_disappeared(\n            *ProductPageLocators.PRODUCT_IN_BASKET), \"Success message is presented, element is not disappeared\"\nE       AssertionError: Success message is presented, element is not disappeared\n\nmodule_5\\pages\\product_page.py:32: AssertionError",
    "steps" : [ ],
    "attachments" : [ {
      "uid" : "1e50bf4fb4d26ad1",
      "name" : "stdout",
      "source" : "1e50bf4fb4d26ad1.txt",
      "type" : "text/plain",
      "size" : 74
    } ],
    "parameters" : [ ],
    "shouldDisplayMessage" : true,
    "attachmentsCount" : 1,
    "hasContent" : true,
    "stepsCount" : 0
  },
  "afterStages" : [ {
    "name" : "browser::0",
    "time" : {
      "start" : 1625400025124,
      "stop" : 1625400027493,
      "duration" : 2369
    },
    "status" : "passed",
    "steps" : [ ],
    "attachments" : [ ],
    "parameters" : [ ],
    "shouldDisplayMessage" : false,
    "attachmentsCount" : 0,
    "hasContent" : false,
    "stepsCount" : 0
  } ],
  "labels" : [ {
    "name" : "tag",
    "value" : "@pytest.mark.xfail(reason='element is not disappeared')"
  }, {
    "name" : "parentSuite",
    "value" : "module_5"
  }, {
    "name" : "suite",
    "value" : "test_product_page"
  }, {
    "name" : "subSuite",
    "value" : "TestProductPage"
  }, {
    "name" : "host",
    "value" : "DESKTOP-1GJHT4O"
  }, {
    "name" : "thread",
    "value" : "14224-MainThread"
  }, {
    "name" : "framework",
    "value" : "pytest"
  }, {
    "name" : "language",
    "value" : "cpython3"
  }, {
    "name" : "package",
    "value" : "module_5.test_product_page"
  }, {
    "name" : "resultFormat",
    "value" : "allure2"
  } ],
  "parameters" : [ ],
  "links" : [ ],
  "hidden" : false,
  "retry" : false,
  "extra" : {
    "severity" : "normal",
    "retries" : [ ],
    "categories" : [ ],
    "tags" : [ "@pytest.mark.xfail(reason='element is not disappeared')" ]
  },
  "source" : "922767a7981479d8.json",
  "parameterValues" : [ ]
}